TN:
SF:src/App.tsx
FN:18,App
FN:25,(anonymous_1)
FNF:2
FNH:1
FNDA:2,App
FNDA:0,(anonymous_1)
DA:12,2
DA:19,2
DA:26,0
DA:43,2
LF:4
LH:3
BRDA:12,0,0,0
BRDA:12,0,1,2
BRF:2
BRH:1
end_of_record
TN:
SF:src/Layout.tsx
FN:24,(anonymous_0)
FN:29,(anonymous_1)
FN:58,(anonymous_2)
FN:69,(anonymous_3)
FNF:4
FNH:4
FNDA:7,(anonymous_0)
FNDA:3,(anonymous_1)
FNDA:3,(anonymous_2)
FNDA:3,(anonymous_3)
DA:23,5
DA:24,7
DA:28,5
DA:29,3
DA:35,5
DA:58,5
DA:59,3
DA:60,3
DA:61,3
DA:69,5
DA:70,3
DA:72,3
LF:12
LH:12
BRDA:24,0,0,1
BRDA:25,1,0,5
BRDA:25,1,1,2
BRDA:64,2,0,0
BRDA:64,2,1,3
BRDA:64,3,0,3
BRDA:64,3,1,0
BRDA:81,4,0,3
BRDA:81,4,1,0
BRF:9
BRH:6
end_of_record
TN:
SF:src/routes.tsx
FN:34,(anonymous_0)
FN:42,(anonymous_1)
FNF:2
FNH:1
FNDA:2,(anonymous_0)
FNDA:0,(anonymous_1)
DA:10,2
DA:34,2
DA:35,2
DA:36,2
DA:37,2
DA:39,0
DA:43,0
LF:7
LH:5
BRDA:36,0,0,2
BRDA:36,0,1,0
BRF:2
BRH:1
end_of_record
TN:
SF:src/setupProxy.js
FN:3,(anonymous_0)
FNF:1
FNH:0
FNDA:0,(anonymous_0)
DA:1,0
DA:3,0
DA:4,0
DA:11,0
DA:18,0
LF:5
LH:0
BRF:0
BRH:0
end_of_record
TN:
SF:src/components/common/Avatar/Avatar.tsx
FN:6,(anonymous_0)
FNF:1
FNH:1
FNDA:2,(anonymous_0)
DA:6,1
DA:7,2
LF:2
LH:2
BRF:0
BRH:0
end_of_record
TN:
SF:src/components/common/Button/Button.tsx
FN:34,(anonymous_0)
FN:43,(anonymous_1)
FN:67,(anonymous_2)
FNF:3
FNH:3
FNDA:51,(anonymous_0)
FNDA:51,(anonymous_1)
FNDA:50,(anonymous_2)
DA:4,11
DA:11,11
DA:34,11
DA:35,51
DA:37,49
DA:39,49
DA:42,11
DA:43,51
DA:67,11
DA:73,50
LF:10
LH:10
BRDA:35,0,0,2
BRDA:35,0,1,49
BRDA:37,1,0,0
BRDA:37,1,1,49
BRDA:43,2,0,50
BRDA:43,3,0,48
BRDA:45,4,0,51
BRDA:45,4,1,49
BRDA:46,5,0,1
BRDA:46,5,1,50
BRDA:52,6,0,51
BRDA:52,6,1,0
BRDA:53,7,0,1
BRDA:53,7,1,50
BRDA:54,8,0,1
BRDA:54,8,1,50
BRDA:68,9,0,46
BRDA:69,10,0,44
BRF:18
BRH:16
end_of_record
TN:
SF:src/components/common/Container/Container.tsx
FN:13,(anonymous_0)
FN:21,(anonymous_1)
FNF:2
FNH:2
FNDA:5,(anonymous_0)
FNDA:4,(anonymous_1)
DA:12,6
DA:13,5
DA:21,6
DA:22,4
LF:4
LH:4
BRDA:14,0,0,3
BRDA:14,0,1,2
BRDA:16,1,0,3
BRDA:16,1,1,2
BRDA:17,2,0,5
BRDA:17,2,1,0
BRF:6
BRH:5
end_of_record
TN:
SF:src/components/common/CounterCard/CounterCard.tsx
FN:21,(anonymous_0)
FN:30,(anonymous_1)
FN:39,(anonymous_2)
FNF:3
FNH:3
FNDA:2,(anonymous_0)
FNDA:2,(anonymous_1)
FNDA:2,(anonymous_2)
DA:11,4
DA:20,4
DA:21,2
DA:29,4
DA:30,2
DA:39,4
DA:40,2
LF:7
LH:7
BRF:0
BRH:0
end_of_record
TN:
SF:src/components/common/Footer/Footer.tsx
FN:8,(anonymous_0)
FNF:1
FNH:1
FNDA:3,(anonymous_0)
DA:8,5
DA:9,3
LF:2
LH:2
BRF:0
BRH:0
end_of_record
TN:
SF:src/components/common/Header/Header.tsx
FN:23,(anonymous_0)
FN:37,(anonymous_1)
FN:46,(anonymous_2)
FN:57,(anonymous_3)
FN:68,(anonymous_4)
FN:70,(anonymous_5)
FN:98,(anonymous_6)
FN:106,(anonymous_7)
FN:113,(anonymous_8)
FN:117,(anonymous_9)
FN:137,(anonymous_10)
FNF:11
FNH:9
FNDA:5,(anonymous_0)
FNDA:5,(anonymous_1)
FNDA:5,(anonymous_2)
FNDA:5,(anonymous_3)
FNDA:5,(anonymous_4)
FNDA:5,(anonymous_5)
FNDA:5,(anonymous_6)
FNDA:5,(anonymous_7)
FNDA:0,(anonymous_8)
FNDA:0,(anonymous_9)
FNDA:2,(anonymous_10)
DA:22,7
DA:23,5
DA:36,7
DA:37,5
DA:45,7
DA:47,5
DA:56,7
DA:58,5
DA:67,7
DA:69,5
DA:70,5
DA:97,7
DA:99,5
DA:106,7
DA:107,5
DA:108,5
DA:109,5
DA:110,5
DA:111,5
DA:113,5
DA:114,0
DA:117,5
DA:118,0
DA:119,0
DA:122,0
DA:124,0
DA:125,0
DA:128,5
DA:137,2
LF:29
LH:23
BRDA:70,0,0,0
BRDA:70,0,1,5
BRDA:118,1,0,0
BRDA:118,1,1,0
BRDA:135,2,0,4
BRDA:135,2,1,1
BRF:6
BRH:3
end_of_record
TN:
SF:src/components/common/Icon/Icon.tsx
FN:21,(anonymous_0)
FNF:1
FNH:1
FNDA:40,(anonymous_0)
DA:4,12
DA:21,12
DA:22,40
DA:23,40
DA:26,12
LF:5
LH:5
BRDA:21,0,0,18
BRDA:23,1,0,40
BRDA:23,1,1,0
BRF:3
BRH:2
end_of_record
TN:
SF:src/components/common/Icons/ArrowRight/ArrowRight.tsx
FN:7,(anonymous_0)
FNF:1
FNH:1
FNDA:11,(anonymous_0)
DA:7,13
DA:8,11
LF:2
LH:2
BRF:0
BRH:0
end_of_record
TN:
SF:src/components/common/Icons/Calendar/Calendar.tsx
FN:7,(anonymous_0)
FNF:1
FNH:1
FNDA:2,(anonymous_0)
DA:7,13
DA:8,2
LF:2
LH:2
BRF:0
BRH:0
end_of_record
TN:
SF:src/components/common/Icons/Campaign/Campaign.tsx
FN:7,(anonymous_0)
FNF:1
FNH:1
FNDA:2,(anonymous_0)
DA:7,13
DA:8,2
LF:2
LH:2
BRF:0
BRH:0
end_of_record
TN:
SF:src/components/common/Icons/Clock/Clock.tsx
FN:7,(anonymous_0)
FNF:1
FNH:1
FNDA:2,(anonymous_0)
DA:7,13
DA:8,2
LF:2
LH:2
BRF:0
BRH:0
end_of_record
TN:
SF:src/components/common/Icons/Eye/Eye.tsx
FN:8,(anonymous_0)
FNF:1
FNH:1
FNDA:3,(anonymous_0)
DA:8,1
DA:9,3
LF:2
LH:2
BRDA:8,0,0,1
BRF:1
BRH:1
end_of_record
TN:
SF:src/components/common/Icons/Facebook/Facebook.tsx
FN:8,(anonymous_0)
FNF:1
FNH:1
FNDA:4,(anonymous_0)
DA:8,13
DA:9,4
LF:2
LH:2
BRDA:8,0,0,0
BRF:1
BRH:0
end_of_record
TN:
SF:src/components/common/Icons/Google/Google.tsx
FN:7,(anonymous_0)
FNF:1
FNH:1
FNDA:4,(anonymous_0)
DA:7,13
DA:8,4
LF:2
LH:2
BRDA:7,0,0,2
BRF:1
BRH:1
end_of_record
TN:
SF:src/components/common/Icons/Icon/Icon.tsx
FNF:0
FNH:0
DA:31,12
LF:1
LH:1
BRF:0
BRH:0
end_of_record
TN:
SF:src/components/common/Icons/Inmuebles24/Inmuebles24.tsx
FN:7,(anonymous_0)
FNF:1
FNH:1
FNDA:2,(anonymous_0)
DA:7,13
DA:8,2
LF:2
LH:2
BRF:0
BRH:0
end_of_record
TN:
SF:src/components/common/Icons/Mail/Mail.tsx
FN:8,(anonymous_0)
FNF:1
FNH:1
FNDA:2,(anonymous_0)
DA:8,13
DA:9,2
LF:2
LH:2
BRF:0
BRH:0
end_of_record
TN:
SF:src/components/common/Icons/Mercadolibre/Mercadolibre.tsx
FN:8,(anonymous_0)
FNF:1
FNH:1
FNDA:7,(anonymous_0)
DA:8,13
DA:9,7
LF:2
LH:2
BRF:0
BRH:0
end_of_record
TN:
SF:src/components/common/Icons/Metroscubicos/Metroscubicos.tsx
FN:8,(anonymous_0)
FNF:1
FNH:1
FNDA:2,(anonymous_0)
DA:8,13
DA:9,2
LF:2
LH:2
BRF:0
BRH:0
end_of_record
TN:
SF:src/components/common/Icons/Mobile/Mobile.tsx
FN:7,(anonymous_0)
FNF:1
FNH:1
FNDA:4,(anonymous_0)
DA:7,13
DA:8,4
LF:2
LH:2
BRF:0
BRH:0
end_of_record
TN:
SF:src/components/common/Icons/Mobile/index.ts
FNF:0
FNH:0
LF:0
LH:0
BRF:0
BRH:0
end_of_record
TN:
SF:src/components/common/Icons/Phone/Phone.tsx
FN:7,(anonymous_0)
FNF:1
FNH:1
FNDA:4,(anonymous_0)
DA:7,13
DA:8,4
LF:2
LH:2
BRF:0
BRH:0
end_of_record
TN:
SF:src/components/common/Icons/SMS/SMS.tsx
FN:8,(anonymous_0)
FNF:1
FNH:1
FNDA:3,(anonymous_0)
DA:8,13
DA:9,3
LF:2
LH:2
BRDA:8,0,0,1
BRF:1
BRH:1
end_of_record
TN:
SF:src/components/common/Icons/Segundamano/Segundamano.tsx
FN:8,(anonymous_0)
FNF:1
FNH:1
FNDA:2,(anonymous_0)
DA:8,13
DA:9,2
LF:2
LH:2
BRF:0
BRH:0
end_of_record
TN:
SF:src/components/common/Icons/Tag/Tag.tsx
FN:7,(anonymous_0)
FNF:1
FNH:1
FNDA:2,(anonymous_0)
DA:7,13
DA:8,2
LF:2
LH:2
BRF:0
BRH:0
end_of_record
TN:
SF:src/components/common/Icons/Trovit/Trovit.tsx
FN:7,(anonymous_0)
FNF:1
FNH:1
FNDA:3,(anonymous_0)
DA:7,13
DA:8,3
LF:2
LH:2
BRDA:7,0,0,1
BRF:1
BRH:1
end_of_record
TN:
SF:src/components/common/Icons/Vivaanuncios/Vivaanuncios.tsx
FN:7,(anonymous_0)
FNF:1
FNH:1
FNDA:2,(anonymous_0)
DA:7,13
DA:8,2
LF:2
LH:2
BRF:0
BRH:0
end_of_record
TN:
SF:src/components/common/Icons/Youtube/Youtube.tsx
FN:8,(anonymous_0)
FNF:1
FNH:1
FNDA:3,(anonymous_0)
DA:8,13
DA:9,3
LF:2
LH:2
BRF:0
BRH:0
end_of_record
TN:
SF:src/components/common/Input/Input.tsx
FN:23,(anonymous_0)
FN:24,(anonymous_1)
FNF:2
FNH:2
FNDA:1,(anonymous_0)
FNDA:1,(anonymous_1)
DA:22,1
DA:23,1
DA:25,1
LF:3
LH:3
BRDA:25,0,0,1
BRDA:25,0,1,0
BRF:2
BRH:1
end_of_record
TN:
SF:src/components/common/InputM/Input.tsx
FN:11,(anonymous_0)
FN:13,(anonymous_1)
FN:19,(anonymous_2)
FNF:3
FNH:3
FNDA:5,(anonymous_0)
FNDA:5,(anonymous_1)
FNDA:5,(anonymous_2)
DA:11,8
DA:13,5
DA:19,8
LF:3
LH:3
BRDA:13,0,0,4
BRDA:13,0,1,1
BRF:2
BRH:2
end_of_record
TN:
SF:src/components/common/LabelCard/LabelCard.tsx
FN:8,(anonymous_0)
FNF:1
FNH:1
FNDA:2,(anonymous_0)
DA:8,2
DA:9,2
LF:2
LH:2
BRF:0
BRH:0
end_of_record
TN:
SF:src/components/common/Loader/Loader.tsx
FN:36,(anonymous_0)
FN:39,(anonymous_1)
FN:40,(anonymous_2)
FNF:3
FNH:3
FNDA:4,(anonymous_0)
FNDA:4,(anonymous_1)
FNDA:4,(anonymous_2)
DA:8,4
DA:36,4
DA:39,4
DA:40,4
LF:4
LH:4
BRDA:37,0,0,4
BRDA:37,0,1,4
BRDA:40,1,0,2
BRDA:40,2,0,3
BRDA:40,2,1,1
BRF:5
BRH:5
end_of_record
TN:
SF:src/components/common/Overlay/Overlay.tsx
FN:9,(anonymous_0)
FN:10,(anonymous_1)
FN:20,(anonymous_2)
FNF:3
FNH:3
FNDA:2,(anonymous_0)
FNDA:2,(anonymous_1)
FNDA:2,(anonymous_2)
DA:8,3
DA:9,2
DA:10,2
DA:20,2
LF:4
LH:4
BRDA:10,0,0,2
BRDA:10,0,1,0
BRDA:20,1,0,2
BRF:3
BRH:2
end_of_record
TN:
SF:src/components/common/RowGridCards/RowGridCards.tsx
FNF:0
FNH:0
DA:4,3
DA:15,3
LF:2
LH:2
BRF:0
BRH:0
end_of_record
TN:
SF:src/components/common/Select/Select.tsx
FN:20,(anonymous_0)
FN:21,(anonymous_1)
FN:33,(anonymous_2)
FNF:3
FNH:3
FNDA:3,(anonymous_0)
FNDA:3,(anonymous_1)
FNDA:3,(anonymous_2)
DA:19,1
DA:20,3
DA:22,3
DA:33,1
DA:34,3
LF:5
LH:5
BRDA:22,0,0,1
BRDA:22,0,1,2
BRF:2
BRH:2
end_of_record
TN:
SF:src/components/common/SelectM/Select.tsx
FN:11,(anonymous_0)
FN:14,(anonymous_1)
FN:19,(anonymous_2)
FNF:3
FNH:3
FNDA:16,(anonymous_0)
FNDA:16,(anonymous_1)
FNDA:16,(anonymous_2)
DA:11,8
DA:12,16
DA:14,16
DA:19,16
LF:4
LH:4
BRDA:14,0,0,15
BRDA:14,0,1,1
BRF:2
BRH:2
end_of_record
TN:
SF:src/components/common/Sidebar/Sidebar.tsx
FN:33,(anonymous_0)
FN:54,(anonymous_1)
FN:57,(anonymous_2)
FN:64,(anonymous_3)
FN:71,(anonymous_4)
FN:83,(anonymous_5)
FN:92,(anonymous_6)
FN:109,(anonymous_7)
FNF:8
FNH:7
FNDA:5,(anonymous_0)
FNDA:6,(anonymous_1)
FNDA:6,(anonymous_2)
FNDA:5,(anonymous_3)
FNDA:5,(anonymous_4)
FNDA:6,(anonymous_5)
FNDA:6,(anonymous_6)
FNDA:0,(anonymous_7)
DA:32,6
DA:33,5
DA:53,6
DA:54,6
DA:58,6
DA:63,6
DA:64,5
DA:71,6
DA:72,5
DA:73,5
DA:84,6
DA:93,6
DA:110,0
LF:13
LH:12
BRDA:57,0,0,0
BRDA:58,1,0,0
BRDA:58,1,1,6
BRDA:66,2,0,4
BRDA:66,2,1,1
BRDA:67,3,0,4
BRDA:67,3,1,1
BRDA:78,4,0,4
BRDA:78,4,1,1
BRDA:81,5,0,5
BRDA:81,5,1,3
BRDA:81,5,2,3
BRDA:88,6,0,6
BRDA:88,6,1,0
BRF:14
BRH:11
end_of_record
TN:
SF:src/components/shared/PrivateRoute/PrivateRoute.tsx
FN:13,PrivateRoute
FN:18,(anonymous_1)
FNF:2
FNH:0
FNDA:0,PrivateRoute
FNDA:0,(anonymous_1)
DA:14,0
DA:16,0
DA:19,0
DA:33,0
DA:34,0
DA:36,0
LF:6
LH:0
BRDA:19,0,0,0
BRDA:19,0,1,0
BRDA:33,1,0,0
BRDA:33,1,1,0
BRF:4
BRH:0
end_of_record
TN:
SF:src/components/shared/components/BarProgress/BarProgress.tsx
FN:6,(anonymous_0)
FN:15,BarProgress
FNF:2
FNH:2
FNDA:4,(anonymous_0)
FNDA:6,BarProgress
DA:6,7
DA:7,4
DA:16,6
DA:17,6
DA:18,6
LF:5
LH:5
BRDA:19,0,0,1
BRDA:19,0,1,5
BRF:2
BRH:2
end_of_record
TN:
SF:src/components/shared/components/BoardCard/BoardCard.tsx
FN:57,(anonymous_0)
FN:67,(anonymous_1)
FN:71,(anonymous_2)
FN:86,(anonymous_3)
FNF:4
FNH:2
FNDA:1,(anonymous_0)
FNDA:1,(anonymous_1)
FNDA:0,(anonymous_2)
FNDA:0,(anonymous_3)
DA:14,1
DA:40,1
DA:48,1
DA:56,1
DA:57,1
DA:67,1
DA:68,1
DA:69,1
DA:70,1
DA:71,1
DA:72,0
DA:73,1
DA:86,0
LF:13
LH:11
BRDA:58,0,0,1
BRDA:58,0,1,0
BRDA:93,1,0,1
BRDA:93,1,1,1
BRDA:99,2,0,1
BRDA:99,2,1,1
BRDA:109,3,0,1
BRDA:109,3,1,1
BRDA:113,4,0,1
BRDA:113,4,1,1
BRDA:119,5,0,1
BRDA:119,5,1,1
BRF:12
BRH:11
end_of_record
TN:
SF:src/components/shared/components/BoardCard/BoardCardType.ts
FNF:0
FNH:0
LF:0
LH:0
BRF:0
BRH:0
end_of_record
TN:
SF:src/components/shared/components/CancelOpportunityModal/CancelOpportunityModal.tsx
FN:25,(anonymous_0)
FN:40,(anonymous_1)
FN:63,(anonymous_2)
FN:70,(anonymous_3)
FN:76,(anonymous_4)
FN:81,(anonymous_5)
FNF:6
FNH:0
FNDA:0,(anonymous_0)
FNDA:0,(anonymous_1)
FNDA:0,(anonymous_2)
FNDA:0,(anonymous_3)
FNDA:0,(anonymous_4)
FNDA:0,(anonymous_5)
DA:25,2
DA:26,0
DA:40,2
DA:47,0
DA:48,0
DA:49,0
DA:51,0
DA:52,0
DA:53,0
DA:54,0
DA:60,0
DA:62,0
DA:64,0
DA:65,0
DA:70,0
DA:71,0
DA:72,0
DA:76,0
DA:77,0
DA:78,0
DA:81,0
DA:82,0
DA:87,0
DA:89,0
LF:24
LH:2
BRDA:41,0,0,0
BRDA:71,1,0,0
BRDA:71,1,1,0
BRDA:96,2,0,0
BRDA:96,2,1,0
BRF:5
BRH:0
end_of_record
TN:
SF:src/components/shared/components/EmptyPlaceholder/EmptyPlaceholder.tsx
FN:18,(anonymous_0)
FNF:1
FNH:1
FNDA:4,(anonymous_0)
DA:5,4
DA:18,4
DA:19,4
DA:20,1
DA:35,3
LF:5
LH:5
BRDA:19,0,0,1
BRDA:19,0,1,3
BRF:2
BRH:2
end_of_record
TN:
SF:src/components/shared/components/Filter/Filter.tsx
FN:18,Filter
FN:31,(anonymous_1)
FN:39,(anonymous_2)
FNF:3
FNH:3
FNDA:5,Filter
FNDA:3,(anonymous_1)
FNDA:3,(anonymous_2)
DA:27,5
DA:28,5
DA:29,5
DA:30,5
DA:31,5
DA:32,3
DA:33,1
DA:34,1
DA:35,1
DA:36,1
DA:39,5
DA:40,3
DA:41,3
DA:43,0
DA:45,5
DA:80,4
LF:16
LH:15
BRDA:32,0,0,1
BRDA:32,0,1,2
BRDA:40,1,0,3
BRDA:40,1,1,0
BRF:4
BRH:3
end_of_record
TN:
SF:src/components/shared/components/Filter/FilterSelect.tsx
FN:24,FilterSelect
FN:28,(anonymous_1)
FN:37,(anonymous_2)
FN:46,(anonymous_3)
FN:50,(anonymous_4)
FN:74,(anonymous_5)
FNF:6
FNH:4
FNDA:5,FilterSelect
FNDA:0,(anonymous_1)
FNDA:0,(anonymous_2)
FNDA:4,(anonymous_3)
FNDA:4,(anonymous_4)
FNDA:10,(anonymous_5)
DA:12,5
DA:25,5
DA:26,5
DA:28,5
DA:29,0
DA:34,0
DA:35,0
DA:37,5
DA:43,0
DA:44,0
DA:46,5
DA:47,4
DA:48,0
DA:50,4
DA:53,5
DA:75,10
LF:16
LH:10
BRDA:47,0,0,0
BRDA:47,0,1,4
BRDA:73,1,0,5
BRDA:73,1,1,5
BRF:4
BRH:3
end_of_record
TN:
SF:src/components/shared/components/Filter/FilterTypes.ts
FNF:0
FNH:0
LF:0
LH:0
BRF:0
BRH:0
end_of_record
TN:
SF:src/components/shared/components/Filter/Pagination.tsx
FN:19,(anonymous_0)
FN:38,Pagination
FN:42,(anonymous_2)
FN:67,(anonymous_3)
FNF:4
FNH:4
FNDA:5,(anonymous_0)
FNDA:5,Pagination
FNDA:2,(anonymous_2)
FNDA:2,(anonymous_3)
DA:18,4
DA:19,5
DA:39,5
DA:40,5
DA:41,5
DA:43,2
DA:44,2
DA:45,2
DA:49,2
DA:50,2
DA:54,5
DA:67,2
LF:12
LH:12
BRF:0
BRH:0
end_of_record
TN:
SF:src/components/shared/components/Filter/Sort.tsx
FN:22,Sort
FN:34,(anonymous_1)
FN:51,(anonymous_2)
FN:58,(anonymous_3)
FN:78,(anonymous_4)
FN:80,(anonymous_5)
FN:105,(anonymous_6)
FN:107,(anonymous_7)
FNF:8
FNH:5
FNDA:5,Sort
FNDA:0,(anonymous_1)
FNDA:5,(anonymous_2)
FNDA:5,(anonymous_3)
FNDA:0,(anonymous_4)
FNDA:10,(anonymous_5)
FNDA:0,(anonymous_6)
FNDA:10,(anonymous_7)
DA:11,6
DA:15,6
DA:23,5
DA:24,5
DA:28,5
DA:32,5
DA:33,5
DA:34,5
DA:42,0
DA:43,0
DA:47,0
DA:48,0
DA:49,0
DA:51,5
DA:52,5
DA:53,0
DA:55,5
DA:56,0
DA:58,5
DA:60,5
DA:78,0
DA:81,10
DA:105,0
DA:108,10
DA:119,6
LF:25
LH:16
BRDA:42,0,0,0
BRDA:42,0,1,0
BRDA:52,1,0,0
BRDA:52,1,1,5
BRDA:55,2,0,0
BRDA:55,2,1,5
BRF:6
BRH:2
end_of_record
TN:
SF:src/components/shared/components/Filter/Styled.tsx
FN:27,(anonymous_0)
FN:31,(anonymous_1)
FN:50,(anonymous_2)
FN:51,(anonymous_3)
FN:78,(anonymous_4)
FN:88,(anonymous_5)
FN:97,(anonymous_6)
FNF:7
FNH:6
FNDA:15,(anonymous_0)
FNDA:15,(anonymous_1)
FNDA:4,(anonymous_2)
FNDA:0,(anonymous_3)
FNDA:5,(anonymous_4)
FNDA:4,(anonymous_5)
FNDA:4,(anonymous_6)
DA:18,7
DA:26,7
DA:28,15
DA:31,15
DA:35,7
DA:39,7
DA:50,7
DA:51,4
DA:52,0
DA:53,0
DA:56,4
DA:76,7
DA:78,5
DA:85,7
DA:87,7
DA:88,4
DA:97,7
DA:98,4
LF:18
LH:16
BRDA:31,0,0,15
BRDA:31,0,1,0
BRDA:52,1,0,0
BRDA:52,1,1,0
BRF:4
BRH:1
end_of_record
TN:
SF:src/components/shared/components/Filter/constants.ts
FNF:0
FNH:0
DA:1,1
LF:1
LH:1
BRF:0
BRH:0
end_of_record
TN:
SF:src/components/shared/components/Filter/useSearch.ts
FN:2,(anonymous_0)
FN:5,(anonymous_1)
FNF:2
FNH:2
FNDA:4,(anonymous_0)
FNDA:1,(anonymous_1)
DA:2,4
DA:3,4
DA:4,4
DA:5,4
DA:6,1
DA:8,4
LF:6
LH:6
BRF:0
BRH:0
end_of_record
TN:
SF:src/components/shared/components/Lead/Lead.tsx
FN:22,(anonymous_0)
FNF:1
FNH:0
FNDA:0,(anonymous_0)
DA:22,2
DA:34,0
LF:2
LH:1
BRDA:37,0,0,0
BRDA:37,0,1,0
BRDA:37,1,0,0
BRDA:37,1,1,0
BRDA:38,2,0,0
BRDA:38,2,1,0
BRF:6
BRH:0
end_of_record
TN:
SF:src/components/shared/components/LeadData/LeadData.tsx
FN:18,(anonymous_0)
FNF:1
FNH:0
FNDA:0,(anonymous_0)
DA:18,2
DA:30,0
LF:2
LH:1
BRDA:32,0,0,0
BRDA:32,0,1,0
BRF:2
BRH:0
end_of_record
TN:
SF:src/components/shared/components/LeadForm/EditLeadForm.tsx
FN:16,(anonymous_0)
FN:23,(anonymous_1)
FN:38,(anonymous_2)
FN:52,(anonymous_3)
FN:85,(anonymous_4)
FN:102,(anonymous_5)
FN:121,(anonymous_6)
FN:146,(anonymous_7)
FN:169,(anonymous_8)
FN:194,(anonymous_9)
FN:213,(anonymous_10)
FNF:11
FNH:11
FNDA:42,(anonymous_0)
FNDA:56,(anonymous_1)
FNDA:1,(anonymous_2)
FNDA:2,(anonymous_3)
FNDA:1,(anonymous_4)
FNDA:1,(anonymous_5)
FNDA:1,(anonymous_6)
FNDA:2,(anonymous_7)
FNDA:2,(anonymous_8)
FNDA:2,(anonymous_9)
FNDA:1,(anonymous_10)
DA:13,3
DA:16,42
DA:23,3
DA:24,56
DA:25,56
DA:26,56
DA:39,1
DA:44,1
DA:47,56
DA:49,56
DA:50,56
DA:52,56
DA:53,2
DA:54,2
DA:55,2
DA:56,2
DA:57,2
DA:58,2
DA:59,2
DA:63,56
DA:86,1
DA:87,1
DA:103,1
DA:104,1
DA:122,1
DA:123,1
DA:147,2
DA:148,2
DA:170,2
DA:171,2
DA:195,2
DA:196,2
DA:214,1
DA:215,1
LF:34
LH:34
BRDA:47,0,0,56
BRDA:47,0,1,16
BRDA:49,1,0,56
BRDA:49,1,1,18
BRDA:50,2,0,56
BRDA:50,2,1,14
BRDA:53,3,0,2
BRDA:53,3,1,0
BRDA:144,4,0,56
BRDA:144,4,1,40
BRDA:167,5,0,56
BRDA:167,5,1,38
BRDA:192,6,0,56
BRDA:192,6,1,42
BRF:14
BRH:13
end_of_record
TN:
SF:src/components/shared/components/LeadForm/src/leadReducer.ts
FN:29,(anonymous_0)
FNF:1
FNH:1
FNDA:22,(anonymous_0)
DA:1,3
DA:29,3
DA:30,22
DA:32,3
DA:34,3
DA:36,3
DA:38,4
DA:40,4
DA:42,4
DA:44,1
LF:10
LH:10
BRDA:30,0,0,3
BRDA:30,0,1,3
BRDA:30,0,2,3
BRDA:30,0,3,4
BRDA:30,0,4,4
BRDA:30,0,5,4
BRDA:30,0,6,1
BRF:7
BRH:7
end_of_record
TN:
SF:src/components/shared/components/LeadForm/src/logicEdit.ts
FNF:0
FNH:0
DA:22,3
LF:1
LH:1
BRF:0
BRH:0
end_of_record
TN:
SF:src/components/shared/components/LeadForm/src/styledEdit.ts
FN:18,(anonymous_0)
FNF:1
FNH:1
FNDA:294,(anonymous_0)
DA:4,3
DA:8,3
DA:17,3
DA:18,294
LF:4
LH:4
BRF:0
BRH:0
end_of_record
TN:
SF:src/components/shared/components/Notes/Notes.tsx
FN:41,(anonymous_0)
FN:49,(anonymous_1)
FN:57,(anonymous_2)
FN:75,(anonymous_3)
FN:90,(anonymous_4)
FN:110,(anonymous_5)
FN:130,(anonymous_6)
FN:152,(anonymous_7)
FNF:8
FNH:3
FNDA:4,(anonymous_0)
FNDA:0,(anonymous_1)
FNDA:0,(anonymous_2)
FNDA:0,(anonymous_3)
FNDA:0,(anonymous_4)
FNDA:1,(anonymous_5)
FNDA:0,(anonymous_6)
FNDA:1,(anonymous_7)
DA:41,3
DA:42,4
DA:43,4
DA:44,4
DA:45,4
DA:46,4
DA:47,4
DA:49,4
DA:50,0
DA:51,0
DA:52,0
DA:53,0
DA:54,0
DA:57,4
DA:58,0
DA:59,0
DA:60,0
DA:61,0
DA:64,4
DA:75,0
DA:91,0
DA:111,1
DA:130,0
DA:152,1
LF:24
LH:12
BRDA:66,0,0,4
BRDA:66,0,1,1
BRDA:71,1,0,1
BRDA:71,1,1,1
BRDA:146,2,0,4
BRDA:146,2,1,3
BRF:6
BRH:6
end_of_record
TN:
SF:src/components/shared/components/Notes/src/PopoverNote.tsx
FN:15,(anonymous_0)
FN:27,(anonymous_1)
FN:31,(anonymous_2)
FN:35,(anonymous_3)
FN:38,(anonymous_4)
FN:42,(anonymous_5)
FNF:6
FNH:4
FNDA:3,(anonymous_0)
FNDA:1,(anonymous_1)
FNDA:0,(anonymous_2)
FNDA:0,(anonymous_3)
FNDA:3,(anonymous_4)
FNDA:3,(anonymous_5)
DA:15,4
DA:23,3
DA:24,3
DA:25,3
DA:26,3
DA:27,3
DA:28,1
DA:29,1
DA:31,3
DA:32,0
DA:33,0
DA:35,3
DA:36,0
DA:38,3
DA:39,3
DA:40,0
DA:42,3
DA:43,3
DA:47,3
LF:19
LH:15
BRDA:39,0,0,0
BRDA:39,0,1,3
BRDA:39,1,0,3
BRDA:39,1,1,0
BRDA:39,1,2,0
BRDA:43,2,0,0
BRDA:43,2,1,3
BRF:7
BRH:3
end_of_record
TN:
SF:src/components/shared/components/Notes/src/styledNote.ts
FN:12,(anonymous_0)
FN:30,(anonymous_1)
FN:99,(anonymous_2)
FN:113,(anonymous_3)
FN:124,(anonymous_4)
FN:152,(anonymous_5)
FN:162,(anonymous_6)
FN:170,(anonymous_7)
FN:186,(anonymous_8)
FNF:9
FNH:9
FNDA:1,(anonymous_0)
FNDA:2,(anonymous_1)
FNDA:3,(anonymous_2)
FNDA:4,(anonymous_3)
FNDA:2,(anonymous_4)
FNDA:4,(anonymous_5)
FNDA:2,(anonymous_6)
FNDA:1,(anonymous_7)
FNDA:3,(anonymous_8)
DA:11,4
DA:12,1
DA:23,4
DA:29,4
DA:30,2
DA:58,4
DA:91,4
DA:98,4
DA:99,3
DA:112,4
DA:113,4
DA:123,4
DA:124,2
DA:149,4
DA:152,4
DA:159,4
DA:162,2
DA:168,4
DA:170,1
DA:177,4
DA:185,4
DA:186,3
LF:22
LH:22
BRF:0
BRH:0
end_of_record
TN:
SF:src/components/shared/components/Tags/Tags.tsx
FN:9,(anonymous_0)
FN:18,(anonymous_1)
FN:31,(anonymous_2)
FN:52,(anonymous_3)
FN:58,(anonymous_4)
FN:60,(anonymous_5)
FN:65,(anonymous_6)
FNF:7
FNH:4
FNDA:2,(anonymous_0)
FNDA:2,(anonymous_1)
FNDA:2,(anonymous_2)
FNDA:2,(anonymous_3)
FNDA:0,(anonymous_4)
FNDA:0,(anonymous_5)
FNDA:0,(anonymous_6)
DA:6,3
DA:8,3
DA:9,2
DA:17,3
DA:18,2
DA:31,3
DA:38,2
DA:39,2
DA:40,2
DA:52,2
DA:53,2
DA:54,1
DA:58,2
DA:59,0
DA:60,0
DA:61,0
DA:65,2
DA:66,0
DA:67,0
DA:68,0
DA:69,0
DA:70,0
DA:71,0
DA:72,0
DA:73,0
DA:77,2
DA:83,2
DA:87,2
LF:28
LH:17
BRDA:53,0,0,1
BRDA:53,0,1,1
BRDA:53,1,0,2
BRDA:53,1,1,1
BRDA:59,2,0,0
BRDA:59,2,1,0
BRDA:59,3,0,0
BRDA:59,3,1,0
BRDA:67,4,0,0
BRDA:67,4,1,0
BRDA:71,5,0,0
BRDA:71,5,1,0
BRDA:90,6,0,2
BRDA:90,6,1,0
BRDA:93,7,0,2
BRDA:93,7,1,0
BRF:16
BRH:6
end_of_record
TN:
SF:src/components/shared/components/TenantList/Styled.tsx
FNF:0
FNH:0
DA:4,3
LF:1
LH:1
BRF:0
BRH:0
end_of_record
TN:
SF:src/components/shared/components/TenantList/TenantList.tsx
FN:28,TenantList
FN:35,(anonymous_1)
FNF:2
FNH:1
FNDA:2,TenantList
FNDA:0,(anonymous_1)
DA:29,2
DA:30,2
DA:36,0
DA:62,3
LF:4
LH:3
BRDA:33,0,0,0
BRDA:33,0,1,2
BRDA:33,1,0,2
BRDA:33,1,1,0
BRF:4
BRH:2
end_of_record
TN:
SF:src/components/shared/components/TenantListCard/TenantListCard.tsx
FN:32,(anonymous_0)
FN:47,(anonymous_1)
FN:65,(anonymous_2)
FN:75,(anonymous_3)
FN:80,(anonymous_4)
FN:82,(anonymous_5)
FNF:6
FNH:4
FNDA:1,(anonymous_0)
FNDA:0,(anonymous_1)
FNDA:1,(anonymous_2)
FNDA:0,(anonymous_3)
FNDA:1,(anonymous_4)
FNDA:1,(anonymous_5)
DA:32,4
DA:45,1
DA:46,1
DA:47,1
DA:48,0
DA:49,0
DA:52,1
DA:65,1
DA:66,1
DA:75,0
DA:80,1
DA:81,1
DA:82,1
DA:88,1
DA:89,1
LF:15
LH:12
BRDA:75,0,0,1
BRDA:75,0,1,0
BRF:2
BRH:1
end_of_record
TN:
SF:src/components/shared/components/TenantListCard/TenantListCardStyles.tsx
FN:6,(anonymous_0)
FNF:1
FNH:1
FNDA:4,(anonymous_0)
DA:5,5
DA:6,4
LF:2
LH:2
BRDA:7,0,0,4
BRDA:7,0,1,0
BRF:2
BRH:1
end_of_record
TN:
SF:src/components/shared/components/TenantListCard/components/index.ts
FNF:0
FNH:0
LF:0
LH:0
BRF:0
BRH:0
end_of_record
TN:
SF:src/components/shared/components/TenantListCard/components/AboutInfo/AboutInfo.tsx
FN:11,(anonymous_0)
FN:48,(anonymous_1)
FN:60,(anonymous_2)
FNF:3
FNH:1
FNDA:2,(anonymous_0)
FNDA:0,(anonymous_1)
FNDA:0,(anonymous_2)
DA:11,5
DA:23,2
DA:54,0
DA:61,0
LF:4
LH:2
BRDA:26,0,0,2
BRDA:26,0,1,0
BRDA:26,1,0,2
BRDA:26,1,1,0
BRDA:27,2,0,2
BRDA:27,2,1,0
BRDA:59,3,0,2
BRDA:59,3,1,0
BRF:8
BRH:4
end_of_record
TN:
SF:src/components/shared/components/TenantListCard/components/OpportunitiesTable/OpportunitiesTable.tsx
FN:43,(anonymous_0)
FN:46,(anonymous_1)
FN:64,(anonymous_2)
FN:87,(anonymous_3)
FNF:4
FNH:2
FNDA:2,(anonymous_0)
FNDA:0,(anonymous_1)
FNDA:4,(anonymous_2)
FNDA:0,(anonymous_3)
DA:33,5
DA:43,5
DA:44,2
DA:45,2
DA:46,2
DA:49,0
DA:50,2
DA:65,4
DA:87,0
LF:9
LH:7
BRDA:63,0,0,2
BRDA:63,0,1,2
BRDA:67,1,0,4
BRDA:67,1,1,0
BRDA:67,2,0,4
BRDA:67,2,1,4
BRDA:70,3,0,4
BRDA:70,3,1,0
BRF:8
BRH:6
end_of_record
TN:
SF:src/components/views/DashLeads/DashLead.tsx
FN:10,(anonymous_0)
FN:19,(anonymous_1)
FNF:2
FNH:1
FNDA:2,(anonymous_0)
FNDA:0,(anonymous_1)
DA:9,3
DA:10,2
DA:19,3
DA:20,0
DA:21,0
DA:22,0
DA:24,0
LF:7
LH:3
BRDA:29,0,0,0
BRDA:29,0,1,0
BRDA:29,1,0,0
BRDA:29,1,1,0
BRDA:31,2,0,0
BRDA:31,2,1,0
BRDA:31,2,2,0
BRF:7
BRH:0
end_of_record
TN:
SF:src/components/views/Lead/Lead.tsx
FN:61,(anonymous_0)
FN:82,(anonymous_1)
FN:89,(anonymous_2)
FN:91,(anonymous_3)
FN:96,(anonymous_4)
FN:100,(anonymous_5)
FN:100,(anonymous_6)
FN:102,(anonymous_7)
FN:104,(anonymous_8)
FN:112,(anonymous_9)
FN:123,(anonymous_10)
FN:127,(anonymous_11)
FN:132,(anonymous_12)
FN:182,(anonymous_13)
FN:192,(anonymous_14)
FN:214,(anonymous_15)
FN:224,(anonymous_16)
FN:251,(anonymous_17)
FN:259,(anonymous_18)
FN:310,(anonymous_19)
FNF:20
FNH:0
FNDA:0,(anonymous_0)
FNDA:0,(anonymous_1)
FNDA:0,(anonymous_2)
FNDA:0,(anonymous_3)
FNDA:0,(anonymous_4)
FNDA:0,(anonymous_5)
FNDA:0,(anonymous_6)
FNDA:0,(anonymous_7)
FNDA:0,(anonymous_8)
FNDA:0,(anonymous_9)
FNDA:0,(anonymous_10)
FNDA:0,(anonymous_11)
FNDA:0,(anonymous_12)
FNDA:0,(anonymous_13)
FNDA:0,(anonymous_14)
FNDA:0,(anonymous_15)
FNDA:0,(anonymous_16)
FNDA:0,(anonymous_17)
FNDA:0,(anonymous_18)
FNDA:0,(anonymous_19)
DA:48,2
DA:61,2
DA:62,0
DA:64,0
DA:65,0
DA:67,0
DA:68,0
DA:69,0
DA:70,0
DA:71,0
DA:72,0
DA:73,0
DA:74,0
DA:75,0
DA:76,0
DA:77,0
DA:78,0
DA:79,0
DA:80,0
DA:82,0
DA:83,0
DA:84,0
DA:85,0
DA:89,0
DA:91,0
DA:92,0
DA:93,0
DA:96,0
DA:97,0
DA:100,0
DA:102,0
DA:104,0
DA:105,0
DA:112,0
DA:113,0
DA:120,0
DA:121,0
DA:123,0
DA:124,0
DA:125,0
DA:127,0
DA:128,0
DA:129,0
DA:132,0
DA:133,0
DA:134,0
DA:138,0
DA:183,0
DA:184,0
DA:193,0
DA:215,0
DA:216,0
DA:225,0
DA:251,0
DA:252,0
DA:260,0
DA:295,0
DA:310,0
LF:58
LH:2
BRDA:83,0,0,0
BRDA:83,0,1,0
BRDA:83,1,0,0
BRDA:83,1,1,0
BRDA:120,2,0,0
BRDA:120,2,1,0
BRDA:121,3,0,0
BRDA:121,3,1,0
BRDA:128,4,0,0
BRDA:128,4,1,0
BRDA:133,5,0,0
BRDA:133,5,1,0
BRDA:150,6,0,0
BRDA:150,6,1,0
BRDA:191,7,0,0
BRDA:191,7,1,0
BRDA:223,8,0,0
BRDA:223,8,1,0
BRDA:264,9,0,0
BRDA:264,9,1,0
BRDA:268,10,0,0
BRDA:268,10,1,0
BRDA:269,11,0,0
BRDA:269,11,1,0
BRDA:270,12,0,0
BRDA:270,12,1,0
BRDA:300,13,0,0
BRDA:300,13,1,0
BRDA:324,14,0,0
BRDA:324,14,1,0
BRF:30
BRH:0
end_of_record
TN:
SF:src/components/views/Lead/src/leadReducer.ts
FN:29,(anonymous_0)
FNF:1
FNH:1
FNDA:6,(anonymous_0)
DA:1,1
DA:29,1
DA:30,6
DA:32,1
DA:34,1
DA:36,1
DA:38,1
DA:40,1
DA:42,1
DA:44,0
LF:10
LH:9
BRDA:30,0,0,1
BRDA:30,0,1,1
BRDA:30,0,2,1
BRDA:30,0,3,1
BRDA:30,0,4,1
BRDA:30,0,5,1
BRDA:30,0,6,0
BRF:7
BRH:6
end_of_record
TN:
SF:src/components/views/Lead/src/logicLead.ts
FNF:0
FNH:0
LF:0
LH:0
BRF:0
BRH:0
end_of_record
TN:
SF:src/components/views/Lead/src/styledLead.tsx
FN:30,(anonymous_0)
FN:49,(anonymous_1)
FN:56,(anonymous_2)
FN:64,(anonymous_3)
FN:100,(anonymous_4)
FN:112,(anonymous_5)
FN:126,(anonymous_6)
FNF:7
FNH:5
FNDA:2,(anonymous_0)
FNDA:1,(anonymous_1)
FNDA:1,(anonymous_2)
FNDA:1,(anonymous_3)
FNDA:1,(anonymous_4)
FNDA:0,(anonymous_5)
FNDA:0,(anonymous_6)
DA:11,6
DA:19,6
DA:30,6
DA:48,6
DA:49,1
DA:55,6
DA:56,1
DA:63,6
DA:64,1
DA:73,6
DA:81,6
DA:86,6
DA:89,6
DA:92,6
DA:99,6
DA:100,1
DA:111,6
DA:112,0
DA:121,6
DA:125,6
DA:126,0
LF:21
LH:19
BRF:0
BRH:0
end_of_record
TN:
SF:src/components/views/Lead/src/tagsReducer.ts
FN:10,(anonymous_0)
FNF:1
FNH:0
FNDA:0,(anonymous_0)
DA:1,2
DA:10,2
DA:11,0
DA:13,0
DA:15,0
LF:5
LH:2
BRDA:11,0,0,0
BRDA:11,0,1,0
BRF:2
BRH:0
end_of_record
TN:
SF:src/components/views/Login/Login.tsx
FN:9,(anonymous_0)
FN:13,(anonymous_1)
FN:22,(anonymous_2)
FN:32,(anonymous_3)
FN:37,(anonymous_4)
FN:50,(anonymous_5)
FN:51,(anonymous_6)
FNF:7
FNH:5
FNDA:2,(anonymous_0)
FNDA:2,(anonymous_1)
FNDA:2,(anonymous_2)
FNDA:2,(anonymous_3)
FNDA:2,(anonymous_4)
FNDA:0,(anonymous_5)
FNDA:0,(anonymous_6)
DA:9,3
DA:10,2
DA:12,3
DA:13,2
DA:21,3
DA:22,2
DA:31,3
DA:32,2
DA:37,3
DA:38,2
DA:39,2
DA:43,2
DA:47,2
DA:48,2
DA:50,2
DA:51,0
DA:52,0
DA:54,0
DA:57,2
DA:59,2
LF:20
LH:17
BRDA:9,0,0,0
BRDA:10,1,0,0
BRDA:10,1,1,2
BRDA:39,2,0,2
BRDA:39,2,1,2
BRDA:44,3,0,2
BRDA:44,3,1,0
BRDA:57,4,0,0
BRDA:57,4,1,2
BRDA:57,5,0,2
BRDA:57,5,1,2
BRF:11
BRH:7
end_of_record
TN:
SF:src/components/views/Tenants/Tenants.tsx
FN:11,Tenants
FN:26,(anonymous_1)
FN:33,(anonymous_2)
FNF:3
FNH:3
FNDA:3,Tenants
FNDA:2,(anonymous_1)
FNDA:1,(anonymous_2)
DA:12,3
DA:13,2
DA:14,2
DA:15,2
DA:16,2
DA:17,2
DA:18,2
DA:21,2
DA:26,2
DA:27,2
DA:28,2
DA:29,2
DA:31,2
DA:33,2
DA:34,1
DA:35,0
DA:38,2
DA:58,3
LF:18
LH:17
BRDA:28,0,0,2
BRDA:28,0,1,0
BRDA:28,1,0,2
BRDA:28,1,1,2
BRDA:29,2,0,0
BRDA:29,2,1,2
BRDA:34,3,0,0
BRDA:34,3,1,1
BRDA:34,4,0,1
BRDA:34,4,1,0
BRDA:50,5,0,2
BRDA:50,5,1,2
BRF:12
BRH:8
end_of_record
TN:
SF:src/context/AppContext.tsx
FN:27,(anonymous_0)
FN:48,(anonymous_1)
FN:52,(anonymous_2)
FNF:3
FNH:2
FNDA:0,(anonymous_0)
FNDA:2,(anonymous_1)
FNDA:3,(anonymous_2)
DA:27,9
DA:28,0
DA:30,0
DA:32,0
DA:34,0
DA:36,0
DA:39,9
DA:50,9
DA:52,9
DA:53,3
DA:60,3
DA:61,3
LF:12
LH:7
BRDA:28,0,0,0
BRDA:28,0,1,0
BRDA:28,0,2,0
BRDA:28,0,3,0
BRF:4
BRH:0
end_of_record
TN:
SF:src/hooks/useApp.ts
FN:3,(anonymous_0)
FNF:1
FNH:1
FNDA:19,(anonymous_0)
DA:3,9
DA:4,19
DA:5,19
LF:3
LH:3
BRF:0
BRH:0
end_of_record
TN:
SF:src/hooks/useIsLoggedIn.ts
FN:3,useIsLoggedIn
FNF:1
FNH:1
FNDA:3,useIsLoggedIn
DA:4,3
DA:5,3
LF:2
LH:2
BRDA:5,0,0,3
BRDA:5,0,1,0
BRF:2
BRH:1
end_of_record
TN:
SF:src/hooks/services/authorizationHeaders.ts
FN:3,authorizationHeaders
FNF:1
FNH:1
FNDA:10,authorizationHeaders
DA:4,10
LF:1
LH:1
BRF:0
BRH:0
end_of_record
TN:
SF:src/hooks/services/lead.ts
FN:20,(anonymous_0)
FN:38,useLeads
FN:48,(anonymous_2)
FN:64,useLeadsSearch
FN:69,(anonymous_4)
FN:81,useLead
FN:86,(anonymous_6)
FN:100,useUpdateLead
FN:106,(anonymous_8)
FN:121,(anonymous_9)
FN:126,(anonymous_10)
FN:138,useLeadTags
FN:146,(anonymous_12)
FN:157,useGetLeadCounters
FN:162,(anonymous_14)
FN:173,useGetLeadStatuses
FNF:16
FNH:13
FNDA:2,(anonymous_0)
FNDA:2,useLeads
FNDA:1,(anonymous_2)
FNDA:2,useLeadsSearch
FNDA:2,(anonymous_4)
FNDA:2,useLead
FNDA:1,(anonymous_6)
FNDA:4,useUpdateLead
FNDA:1,(anonymous_8)
FNDA:0,(anonymous_9)
FNDA:1,(anonymous_10)
FNDA:2,useLeadTags
FNDA:0,(anonymous_12)
FNDA:0,useGetLeadCounters
FNDA:1,(anonymous_14)
FNDA:1,useGetLeadStatuses
DA:20,8
DA:21,2
DA:22,2
DA:23,2
DA:24,2
DA:25,1
DA:27,2
DA:28,0
DA:34,0
DA:39,2
DA:40,2
DA:48,8
DA:49,1
DA:50,1
DA:51,1
DA:58,0
DA:60,0
DA:65,2
DA:66,2
DA:69,8
DA:70,2
DA:71,2
DA:72,1
DA:75,1
DA:77,1
DA:82,2
DA:83,2
DA:86,8
DA:87,1
DA:88,1
DA:91,1
DA:94,1
DA:96,0
DA:104,4
DA:105,4
DA:107,1
DA:108,1
DA:109,0
DA:110,0
DA:112,1
DA:113,0
DA:114,0
DA:116,1
DA:117,1
DA:118,1
DA:123,4
DA:126,8
DA:127,1
DA:128,1
DA:129,1
DA:132,0
DA:134,1
DA:139,2
DA:143,2
DA:146,8
DA:147,0
DA:148,0
DA:151,0
DA:153,0
DA:158,0
DA:159,0
DA:162,8
DA:163,1
DA:164,1
DA:167,0
DA:169,0
DA:174,1
DA:175,1
LF:68
LH:50
BRDA:24,0,0,1
BRDA:24,0,1,1
BRDA:108,1,0,0
BRDA:108,1,1,1
BRDA:108,2,0,1
BRDA:108,2,1,0
BRDA:112,3,0,0
BRDA:112,3,1,1
BRDA:112,4,0,1
BRDA:112,4,1,1
BRDA:116,5,0,1
BRDA:116,5,1,0
BRDA:116,6,0,1
BRDA:116,6,1,1
BRDA:129,7,0,1
BRDA:129,7,1,1
BRF:16
BRH:12
end_of_record
TN:
SF:src/hooks/services/notes.ts
FN:13,(anonymous_0)
FN:25,useGetNotes
FN:32,(anonymous_2)
FN:48,useCreateNote
FN:51,(anonymous_4)
FN:52,(anonymous_5)
FN:59,(anonymous_6)
FN:71,useDeleteNote
FN:74,(anonymous_8)
FN:75,(anonymous_9)
FNF:10
FNH:4
FNDA:3,(anonymous_0)
FNDA:6,useGetNotes
FNDA:0,(anonymous_2)
FNDA:4,useCreateNote
FNDA:0,(anonymous_4)
FNDA:0,(anonymous_5)
FNDA:0,(anonymous_6)
FNDA:4,useDeleteNote
FNDA:0,(anonymous_8)
FNDA:0,(anonymous_9)
DA:13,3
DA:14,3
DA:15,3
DA:16,3
DA:19,2
DA:21,0
DA:26,6
DA:29,6
DA:32,3
DA:33,0
DA:34,0
DA:39,0
DA:42,0
DA:44,0
DA:49,4
DA:50,4
DA:55,4
DA:56,4
DA:59,3
DA:60,0
DA:61,0
DA:65,0
DA:67,0
DA:72,4
DA:73,4
DA:78,4
DA:79,4
LF:27
LH:17
BRF:0
BRH:0
end_of_record
TN:
SF:src/hooks/services/opportunities.ts
FN:14,(anonymous_0)
FN:25,useGetOpportunity
FN:28,(anonymous_2)
FN:36,(anonymous_3)
FN:50,useUpdateOpportunity
FN:53,(anonymous_5)
FN:56,(anonymous_6)
FN:61,(anonymous_7)
FN:71,useAppoinmentStatusCatalog
FN:82,(anonymous_9)
FN:93,useStatusesCatalog
FN:100,(anonymous_11)
FN:112,useDeleteOpportunity
FN:115,(anonymous_13)
FN:119,(anonymous_14)
FNF:15
FNH:1
FNDA:0,(anonymous_0)
FNDA:0,useGetOpportunity
FNDA:0,(anonymous_2)
FNDA:0,(anonymous_3)
FNDA:1,useUpdateOpportunity
FNDA:0,(anonymous_5)
FNDA:0,(anonymous_6)
FNDA:0,(anonymous_7)
FNDA:0,useAppoinmentStatusCatalog
FNDA:0,(anonymous_9)
FNDA:0,useStatusesCatalog
FNDA:0,(anonymous_11)
FNDA:0,useDeleteOpportunity
FNDA:0,(anonymous_13)
FNDA:0,(anonymous_14)
DA:14,3
DA:15,0
DA:16,0
DA:19,0
DA:21,0
DA:26,0
DA:28,0
DA:33,0
DA:36,3
DA:37,0
DA:38,0
DA:41,0
DA:44,0
DA:46,0
DA:51,1
DA:52,1
DA:54,0
DA:58,1
DA:61,3
DA:62,0
DA:63,0
DA:66,0
DA:68,0
DA:72,0
DA:79,0
DA:82,3
DA:83,0
DA:84,0
DA:87,0
DA:89,0
DA:94,0
DA:97,0
DA:100,3
DA:101,0
DA:102,0
DA:106,0
DA:108,0
DA:113,0
DA:114,0
DA:116,0
DA:117,0
DA:121,0
LF:42
LH:8
BRF:0
BRH:0
end_of_record
TN:
SF:src/hooks/services/queries.ts
FNF:0
FNH:0
DA:1,8
LF:1
LH:1
BRF:0
BRH:0
end_of_record
TN:
SF:src/interfaces/User.ts
FNF:0
FNH:0
LF:0
LH:0
BRF:0
BRH:0
end_of_record
TN:
SF:src/store/hooks.ts
FN:4,(anonymous_0)
FNF:1
FNH:1
FNDA:5,(anonymous_0)
DA:4,8
DA:5,8
LF:2
LH:2
BRF:0
BRH:0
end_of_record
TN:
SF:src/store/store.ts
FNF:0
FNH:0
DA:7,10
DA:12,10
DA:16,10
DA:18,10
DA:27,10
LF:5
LH:5
BRF:0
BRH:0
end_of_record
TN:
SF:src/store/reducers/loginSlice.ts
FN:62,(anonymous_0)
FN:67,(anonymous_1)
FNF:2
FNH:0
FNDA:0,(anonymous_0)
FNDA:0,(anonymous_1)
DA:53,11
DA:57,11
DA:63,0
DA:64,0
DA:68,0
DA:69,0
DA:77,11
DA:79,11
LF:8
LH:4
BRDA:70,0,0,0
BRDA:70,0,1,0
BRDA:72,1,0,0
BRDA:72,1,1,0
BRF:4
BRH:0
end_of_record
TN:
SF:src/store/selectors/login.ts
FN:7,(anonymous_0)
FN:8,(anonymous_1)
FN:12,(anonymous_2)
FN:13,(anonymous_3)
FNF:4
FNH:4
FNDA:6,(anonymous_0)
FNDA:6,(anonymous_1)
FNDA:2,(anonymous_2)
FNDA:2,(anonymous_3)
DA:6,8
DA:7,6
DA:8,6
DA:11,8
DA:12,2
DA:13,2
LF:6
LH:6
BRF:0
BRH:0
end_of_record
TN:
SF:src/styles/colors.ts
FNF:0
FNH:0
DA:30,21
DA:69,21
LF:2
LH:2
BRF:0
BRH:0
end_of_record
TN:
SF:src/styles/fonts.ts
FNF:0
FNH:0
DA:11,20
DA:15,20
DA:19,20
DA:35,20
LF:4
LH:4
BRF:0
BRH:0
end_of_record
TN:
SF:src/styles/spaces.ts
FNF:0
FNH:0
DA:11,20
LF:1
LH:1
BRF:0
BRH:0
end_of_record
TN:
SF:src/styles/theme.ts
FNF:0
FNH:0
DA:5,20
LF:1
LH:1
BRF:0
BRH:0
end_of_record
TN:
SF:src/types/Route.ts
FNF:0
FNH:0
LF:0
LH:0
BRF:0
BRH:0
end_of_record
TN:
SF:src/types/Types.ts
FNF:0
FNH:0
LF:0
LH:0
BRF:0
BRH:0
end_of_record
TN:
SF:src/utils/axios.ts
FN:11,(anonymous_0)
FN:15,(anonymous_1)
FN:26,(anonymous_2)
FN:41,(anonymous_3)
FN:45,(anonymous_4)
FNF:5
FNH:3
FNDA:0,(anonymous_0)
FNDA:10,(anonymous_1)
FNDA:4,(anonymous_2)
FNDA:10,(anonymous_3)
FNDA:0,(anonymous_4)
DA:6,64
DA:8,64
DA:12,0
DA:16,10
DA:17,8
DA:20,2
DA:27,4
DA:28,0
DA:30,4
DA:35,4
DA:40,64
DA:43,10
DA:47,0
LF:13
LH:10
BRDA:6,0,0,64
BRDA:6,0,1,64
BRDA:16,1,0,8
BRDA:16,1,1,2
BRDA:27,2,0,0
BRDA:27,2,1,4
BRF:6
BRH:5
end_of_record
TN:
SF:src/utils/getSessionStorage.ts
FN:1,getSessionStorageOrDefault
FNF:1
FNH:1
FNDA:12,getSessionStorageOrDefault
DA:2,12
DA:3,12
DA:4,12
DA:6,0
DA:7,0
DA:9,0
LF:6
LH:3
BRDA:3,0,0,12
BRDA:3,0,1,0
BRDA:6,1,0,0
BRDA:6,1,1,0
BRDA:6,2,0,0
BRDA:6,2,1,0
BRF:6
BRH:1
end_of_record
TN:
SF:src/utils/keycloak.ts
FNF:0
FNH:0
DA:5,10
LF:1
LH:1
BRDA:6,0,0,10
BRDA:6,0,1,10
BRDA:7,1,0,10
BRDA:7,1,1,10
BRDA:8,2,0,10
BRDA:8,2,1,10
BRF:6
BRH:6
end_of_record
TN:
SF:src/utils/constants/api.ts
FNF:0
FNH:0
DA:1,63
LF:1
LH:1
BRF:0
BRH:0
end_of_record
TN:
SF:src/utils/constants/constants.tsx
FNF:0
FNH:0
DA:12,9
DA:21,9
DA:31,9
LF:3
LH:3
BRF:0
BRH:0
end_of_record
TN:
SF:src/utils/constants/request.ts
FNF:0
FNH:0
DA:1,1
LF:1
LH:1
BRF:0
BRH:0
end_of_record
TN:
SF:src/utils/functions/replace.ts
FN:2,(anonymous_0)
FNF:1
FNH:1
FNDA:6,(anonymous_0)
DA:2,7
LF:1
LH:1
BRDA:2,0,0,6
BRDA:2,0,1,6
BRF:2
BRH:2
end_of_record
